[0.660s] DEBUG:colcon:Command line arguments: ['/home/matteociviero/.matlab/R2023b/ros2/glnxa64/venv/bin/colcon', 'build', '--merge-install', '--cmake-args', '-DCMAKE_BUILD_TYPE=Release', '-DCMAKE_SHARED_LINKER_FLAGS=-Wl,-no-as-needed', '-DBUILD_TESTING=OFF', '-DALIAS_ROS2_TF2=1', '-DCMAKE_CXX_FLAGS_RELEASE=-O0', '-G', 'Ninja']
[0.660s] DEBUG:colcon:Parsed command line arguments: Namespace(log_base=None, log_level=None, verb_name='build', build_base='build', install_base='install', merge_install=True, symlink_install=False, test_result_base=None, continue_on_error=False, executor='parallel', parallel_workers=8, event_handlers=None, ignore_user_meta=False, metas=['./colcon.meta'], base_paths=['.'], packages_ignore=None, packages_ignore_regex=None, paths=None, packages_up_to=None, packages_up_to_regex=None, packages_above=None, packages_above_and_dependencies=None, packages_above_depth=None, packages_select_by_dep=None, packages_skip_by_dep=None, packages_skip_up_to=None, packages_select_build_failed=False, packages_skip_build_finished=False, packages_select_test_failures=False, packages_skip_test_passed=False, packages_select=None, packages_skip=None, packages_select_regex=None, packages_skip_regex=None, packages_start=None, packages_end=None, cmake_args=['-DCMAKE_BUILD_TYPE=Release', '-DCMAKE_SHARED_LINKER_FLAGS=-Wl,-no-as-needed', '-DBUILD_TESTING=OFF', '-DALIAS_ROS2_TF2=1', '-DCMAKE_CXX_FLAGS_RELEASE=-O0', '-G', 'Ninja'], cmake_target=None, cmake_target_skip_unavailable=False, cmake_clean_cache=False, cmake_clean_first=False, cmake_force_configure=False, ament_cmake_args=None, catkin_cmake_args=None, catkin_skip_building_tests=False, verb_parser=<colcon_defaults.argument_parser.defaults.DefaultArgumentsDecorator object at 0x712ca299ef20>, verb_extension=<colcon_core.verb.build.BuildVerb object at 0x712ca2925750>, main=<bound method BuildVerb.main of <colcon_core.verb.build.BuildVerb object at 0x712ca2925750>>)
[0.725s] Level 1:colcon.colcon_core.package_discovery:discover_packages(colcon_meta) check parameters
[0.725s] Level 1:colcon.colcon_core.package_discovery:discover_packages(recursive) check parameters
[0.725s] Level 1:colcon.colcon_core.package_discovery:discover_packages(ignore) check parameters
[0.725s] Level 1:colcon.colcon_core.package_discovery:discover_packages(path) check parameters
[0.725s] Level 1:colcon.colcon_core.package_discovery:discover_packages(colcon_meta) discover
[0.726s] Level 1:colcon.colcon_core.package_discovery:discover_packages(recursive) discover
[0.726s] INFO:colcon.colcon_core.package_discovery:Crawling recursively for packages in '/home/matteociviero/git_tesi_magistrale/tesi_magistrale_2024/custom_msgs/matlab_msg_gen/glnxa64'
[0.726s] Level 1:colcon.colcon_core.package_identification:_identify(.) by extensions ['ignore', 'ignore_ament_install']
[0.726s] Level 1:colcon.colcon_core.package_identification:_identify(.) by extension 'ignore'
[0.726s] Level 1:colcon.colcon_core.package_identification:_identify(.) by extension 'ignore_ament_install'
[0.726s] Level 1:colcon.colcon_core.package_identification:_identify(.) by extensions ['colcon_pkg']
[0.726s] Level 1:colcon.colcon_core.package_identification:_identify(.) by extension 'colcon_pkg'
[0.726s] Level 1:colcon.colcon_core.package_identification:_identify(.) by extensions ['colcon_meta']
[0.726s] Level 1:colcon.colcon_core.package_identification:_identify(.) by extension 'colcon_meta'
[0.726s] Level 1:colcon.colcon_core.package_identification:_identify(.) by extensions ['ros']
[0.726s] Level 1:colcon.colcon_core.package_identification:_identify(.) by extension 'ros'
[0.745s] Level 1:colcon.colcon_core.package_identification:_identify(.) by extensions ['cmake', 'python']
[0.745s] Level 1:colcon.colcon_core.package_identification:_identify(.) by extension 'cmake'
[0.745s] Level 1:colcon.colcon_core.package_identification:_identify(.) by extension 'python'
[0.745s] Level 1:colcon.colcon_core.package_identification:_identify(.) by extensions ['python_setup_py']
[0.745s] Level 1:colcon.colcon_core.package_identification:_identify(.) by extension 'python_setup_py'
[0.746s] Level 1:colcon.colcon_core.package_identification:_identify(build) by extensions ['ignore', 'ignore_ament_install']
[0.746s] Level 1:colcon.colcon_core.package_identification:_identify(build) by extension 'ignore'
[0.746s] Level 1:colcon.colcon_core.package_identification:_identify(build) ignored
[0.746s] Level 1:colcon.colcon_core.package_identification:_identify(install) by extensions ['ignore', 'ignore_ament_install']
[0.746s] Level 1:colcon.colcon_core.package_identification:_identify(install) by extension 'ignore'
[0.746s] Level 1:colcon.colcon_core.package_identification:_identify(install) ignored
[0.746s] Level 1:colcon.colcon_core.package_identification:_identify(log) by extensions ['ignore', 'ignore_ament_install']
[0.746s] Level 1:colcon.colcon_core.package_identification:_identify(log) by extension 'ignore'
[0.746s] Level 1:colcon.colcon_core.package_identification:_identify(log) ignored
[0.746s] Level 1:colcon.colcon_core.package_identification:_identify(src) by extensions ['ignore', 'ignore_ament_install']
[0.746s] Level 1:colcon.colcon_core.package_identification:_identify(src) by extension 'ignore'
[0.746s] Level 1:colcon.colcon_core.package_identification:_identify(src) by extension 'ignore_ament_install'
[0.746s] Level 1:colcon.colcon_core.package_identification:_identify(src) by extensions ['colcon_pkg']
[0.746s] Level 1:colcon.colcon_core.package_identification:_identify(src) by extension 'colcon_pkg'
[0.746s] Level 1:colcon.colcon_core.package_identification:_identify(src) by extensions ['colcon_meta']
[0.746s] Level 1:colcon.colcon_core.package_identification:_identify(src) by extension 'colcon_meta'
[0.746s] Level 1:colcon.colcon_core.package_identification:_identify(src) by extensions ['ros']
[0.746s] Level 1:colcon.colcon_core.package_identification:_identify(src) by extension 'ros'
[0.746s] Level 1:colcon.colcon_core.package_identification:_identify(src) by extensions ['cmake', 'python']
[0.747s] Level 1:colcon.colcon_core.package_identification:_identify(src) by extension 'cmake'
[0.747s] Level 1:colcon.colcon_core.package_identification:_identify(src) by extension 'python'
[0.747s] Level 1:colcon.colcon_core.package_identification:_identify(src) by extensions ['python_setup_py']
[0.747s] Level 1:colcon.colcon_core.package_identification:_identify(src) by extension 'python_setup_py'
[0.747s] Level 1:colcon.colcon_core.package_identification:_identify(src/gazebo_msgs) by extensions ['ignore', 'ignore_ament_install']
[0.747s] Level 1:colcon.colcon_core.package_identification:_identify(src/gazebo_msgs) by extension 'ignore'
[0.747s] Level 1:colcon.colcon_core.package_identification:_identify(src/gazebo_msgs) by extension 'ignore_ament_install'
[0.747s] Level 1:colcon.colcon_core.package_identification:_identify(src/gazebo_msgs) by extensions ['colcon_pkg']
[0.747s] Level 1:colcon.colcon_core.package_identification:_identify(src/gazebo_msgs) by extension 'colcon_pkg'
[0.747s] Level 1:colcon.colcon_core.package_identification:_identify(src/gazebo_msgs) by extensions ['colcon_meta']
[0.747s] Level 1:colcon.colcon_core.package_identification:_identify(src/gazebo_msgs) by extension 'colcon_meta'
[0.747s] Level 1:colcon.colcon_core.package_identification:_identify(src/gazebo_msgs) by extensions ['ros']
[0.747s] Level 1:colcon.colcon_core.package_identification:_identify(src/gazebo_msgs) by extension 'ros'
[0.751s] DEBUG:colcon.colcon_core.package_identification:Package 'src/gazebo_msgs' with type 'ros.ament_cmake' and name 'gazebo_msgs'
[0.751s] Level 1:colcon.colcon_core.package_discovery:discover_packages(recursive) using defaults
[0.751s] Level 1:colcon.colcon_core.package_discovery:discover_packages(ignore) discover
[0.751s] Level 1:colcon.colcon_core.package_discovery:discover_packages(ignore) using defaults
[0.751s] Level 1:colcon.colcon_core.package_discovery:discover_packages(path) discover
[0.751s] Level 1:colcon.colcon_core.package_discovery:discover_packages(path) using defaults
[0.800s] Level 5:colcon.colcon_core.verb:set package 'gazebo_msgs' build argument 'cmake_args' from command line to '['-DCMAKE_BUILD_TYPE=Release', '-DCMAKE_SHARED_LINKER_FLAGS=-Wl,-no-as-needed', '-DBUILD_TESTING=OFF', '-DALIAS_ROS2_TF2=1', '-DCMAKE_CXX_FLAGS_RELEASE=-O0', '-G', 'Ninja']'
[0.800s] Level 5:colcon.colcon_core.verb:set package 'gazebo_msgs' build argument 'cmake_target' from command line to 'None'
[0.800s] Level 5:colcon.colcon_core.verb:set package 'gazebo_msgs' build argument 'cmake_target_skip_unavailable' from command line to 'False'
[0.800s] Level 5:colcon.colcon_core.verb:set package 'gazebo_msgs' build argument 'cmake_clean_cache' from command line to 'False'
[0.800s] Level 5:colcon.colcon_core.verb:set package 'gazebo_msgs' build argument 'cmake_clean_first' from command line to 'False'
[0.800s] Level 5:colcon.colcon_core.verb:set package 'gazebo_msgs' build argument 'cmake_force_configure' from command line to 'False'
[0.800s] Level 5:colcon.colcon_core.verb:set package 'gazebo_msgs' build argument 'ament_cmake_args' from command line to 'None'
[0.800s] Level 5:colcon.colcon_core.verb:set package 'gazebo_msgs' build argument 'catkin_cmake_args' from command line to 'None'
[0.800s] Level 5:colcon.colcon_core.verb:set package 'gazebo_msgs' build argument 'catkin_skip_building_tests' from command line to 'False'
[0.800s] DEBUG:colcon.colcon_core.verb:Building package 'gazebo_msgs' with the following arguments: {'ament_cmake_args': None, 'build_base': '/home/matteociviero/git_tesi_magistrale/tesi_magistrale_2024/custom_msgs/matlab_msg_gen/glnxa64/build/gazebo_msgs', 'catkin_cmake_args': None, 'catkin_skip_building_tests': False, 'cmake_args': ['-DCMAKE_BUILD_TYPE=Release', '-DCMAKE_SHARED_LINKER_FLAGS=-Wl,-no-as-needed', '-DBUILD_TESTING=OFF', '-DALIAS_ROS2_TF2=1', '-DCMAKE_CXX_FLAGS_RELEASE=-O0', '-G', 'Ninja'], 'cmake_clean_cache': False, 'cmake_clean_first': False, 'cmake_force_configure': False, 'cmake_target': None, 'cmake_target_skip_unavailable': False, 'install_base': '/home/matteociviero/git_tesi_magistrale/tesi_magistrale_2024/custom_msgs/matlab_msg_gen/glnxa64/install', 'merge_install': True, 'path': '/home/matteociviero/git_tesi_magistrale/tesi_magistrale_2024/custom_msgs/matlab_msg_gen/glnxa64/src/gazebo_msgs', 'symlink_install': False, 'test_result_base': None}
[0.803s] INFO:colcon.colcon_core.executor:Executing jobs using 'parallel' executor
[0.822s] DEBUG:colcon.colcon_parallel_executor.executor.parallel:run_until_complete
[0.822s] INFO:colcon.colcon_ros.task.ament_cmake.build:Building ROS package in '/home/matteociviero/git_tesi_magistrale/tesi_magistrale_2024/custom_msgs/matlab_msg_gen/glnxa64/src/gazebo_msgs' with build type 'ament_cmake'
[0.823s] INFO:colcon.colcon_cmake.task.cmake.build:Building CMake package in '/home/matteociviero/git_tesi_magistrale/tesi_magistrale_2024/custom_msgs/matlab_msg_gen/glnxa64/src/gazebo_msgs'
[0.833s] INFO:colcon.colcon_core.plugin_system:Skipping extension 'colcon_core.shell.bat': Not used on non-Windows systems
[0.833s] INFO:colcon.colcon_core.shell:Skip shell extension 'powershell' for command environment: Not usable outside of PowerShell
[0.834s] DEBUG:colcon.colcon_core.shell:Skip shell extension 'dsv' for command environment
[0.854s] DEBUG:colcon.colcon_core.event_handler.log_command:Invoking command in '/home/matteociviero/git_tesi_magistrale/tesi_magistrale_2024/custom_msgs/matlab_msg_gen/glnxa64/build/gazebo_msgs': PS1=(venv) VIRTUAL_ENV_PROMPT=(venv) /usr/local/MATLAB/R2023b/bin/glnxa64/cmake/bin/cmake /home/matteociviero/git_tesi_magistrale/tesi_magistrale_2024/custom_msgs/matlab_msg_gen/glnxa64/src/gazebo_msgs -DCMAKE_BUILD_TYPE=Release -DCMAKE_SHARED_LINKER_FLAGS=-Wl,-no-as-needed -DBUILD_TESTING=OFF -DALIAS_ROS2_TF2=1 -DCMAKE_CXX_FLAGS_RELEASE=-O0 -G Ninja -DCMAKE_INSTALL_PREFIX=/home/matteociviero/git_tesi_magistrale/tesi_magistrale_2024/custom_msgs/matlab_msg_gen/glnxa64/install
[3.761s] DEBUG:colcon.colcon_core.event_handler.log_command:Invoked command in '/home/matteociviero/git_tesi_magistrale/tesi_magistrale_2024/custom_msgs/matlab_msg_gen/glnxa64/build/gazebo_msgs' returned '0': PS1=(venv) VIRTUAL_ENV_PROMPT=(venv) /usr/local/MATLAB/R2023b/bin/glnxa64/cmake/bin/cmake /home/matteociviero/git_tesi_magistrale/tesi_magistrale_2024/custom_msgs/matlab_msg_gen/glnxa64/src/gazebo_msgs -DCMAKE_BUILD_TYPE=Release -DCMAKE_SHARED_LINKER_FLAGS=-Wl,-no-as-needed -DBUILD_TESTING=OFF -DALIAS_ROS2_TF2=1 -DCMAKE_CXX_FLAGS_RELEASE=-O0 -G Ninja -DCMAKE_INSTALL_PREFIX=/home/matteociviero/git_tesi_magistrale/tesi_magistrale_2024/custom_msgs/matlab_msg_gen/glnxa64/install
[3.762s] DEBUG:colcon.colcon_core.event_handler.log_command:Invoking command in '/home/matteociviero/git_tesi_magistrale/tesi_magistrale_2024/custom_msgs/matlab_msg_gen/glnxa64/build/gazebo_msgs': PS1=(venv) VIRTUAL_ENV_PROMPT=(venv) /usr/local/MATLAB/R2023b/bin/glnxa64/cmake/bin/cmake --build /home/matteociviero/git_tesi_magistrale/tesi_magistrale_2024/custom_msgs/matlab_msg_gen/glnxa64/build/gazebo_msgs -- -j8 -l8
[17.818s] DEBUG:colcon.colcon_core.event_handler.log_command:Invoked command in '/home/matteociviero/git_tesi_magistrale/tesi_magistrale_2024/custom_msgs/matlab_msg_gen/glnxa64/build/gazebo_msgs' returned '0': PS1=(venv) VIRTUAL_ENV_PROMPT=(venv) /usr/local/MATLAB/R2023b/bin/glnxa64/cmake/bin/cmake --build /home/matteociviero/git_tesi_magistrale/tesi_magistrale_2024/custom_msgs/matlab_msg_gen/glnxa64/build/gazebo_msgs -- -j8 -l8
[17.839s] DEBUG:colcon.colcon_core.event_handler.log_command:Invoking command in '/home/matteociviero/git_tesi_magistrale/tesi_magistrale_2024/custom_msgs/matlab_msg_gen/glnxa64/build/gazebo_msgs': PS1=(venv) VIRTUAL_ENV_PROMPT=(venv) /usr/local/MATLAB/R2023b/bin/glnxa64/cmake/bin/cmake --install /home/matteociviero/git_tesi_magistrale/tesi_magistrale_2024/custom_msgs/matlab_msg_gen/glnxa64/build/gazebo_msgs
[17.859s] Level 1:colcon.colcon_core.environment:create_environment_scripts_only(gazebo_msgs)
[17.862s] DEBUG:colcon.colcon_core.event_handler.log_command:Invoked command in '/home/matteociviero/git_tesi_magistrale/tesi_magistrale_2024/custom_msgs/matlab_msg_gen/glnxa64/build/gazebo_msgs' returned '0': PS1=(venv) VIRTUAL_ENV_PROMPT=(venv) /usr/local/MATLAB/R2023b/bin/glnxa64/cmake/bin/cmake --install /home/matteociviero/git_tesi_magistrale/tesi_magistrale_2024/custom_msgs/matlab_msg_gen/glnxa64/build/gazebo_msgs
[17.873s] Level 1:colcon.colcon_core.environment:checking '/home/matteociviero/git_tesi_magistrale/tesi_magistrale_2024/custom_msgs/matlab_msg_gen/glnxa64/install' for CMake module files
[17.874s] Level 1:colcon.colcon_core.environment:checking '/home/matteociviero/git_tesi_magistrale/tesi_magistrale_2024/custom_msgs/matlab_msg_gen/glnxa64/install' for CMake config files
[17.874s] Level 1:colcon.colcon_core.shell:create_environment_hook('gazebo_msgs', 'cmake_prefix_path')
[17.902s] INFO:colcon.colcon_core.shell:Creating environment hook '/home/matteociviero/git_tesi_magistrale/tesi_magistrale_2024/custom_msgs/matlab_msg_gen/glnxa64/install/share/gazebo_msgs/hook/cmake_prefix_path.ps1'
[17.903s] INFO:colcon.colcon_core.shell:Creating environment descriptor '/home/matteociviero/git_tesi_magistrale/tesi_magistrale_2024/custom_msgs/matlab_msg_gen/glnxa64/install/share/gazebo_msgs/hook/cmake_prefix_path.dsv'
[17.903s] INFO:colcon.colcon_core.shell:Creating environment hook '/home/matteociviero/git_tesi_magistrale/tesi_magistrale_2024/custom_msgs/matlab_msg_gen/glnxa64/install/share/gazebo_msgs/hook/cmake_prefix_path.sh'
[17.904s] Level 1:colcon.colcon_core.environment:checking '/home/matteociviero/git_tesi_magistrale/tesi_magistrale_2024/custom_msgs/matlab_msg_gen/glnxa64/install/lib'
[17.905s] Level 1:colcon.colcon_core.shell:create_environment_hook('gazebo_msgs', 'ld_library_path_lib')
[17.911s] INFO:colcon.colcon_core.shell:Creating environment hook '/home/matteociviero/git_tesi_magistrale/tesi_magistrale_2024/custom_msgs/matlab_msg_gen/glnxa64/install/share/gazebo_msgs/hook/ld_library_path_lib.ps1'
[17.911s] INFO:colcon.colcon_core.shell:Creating environment descriptor '/home/matteociviero/git_tesi_magistrale/tesi_magistrale_2024/custom_msgs/matlab_msg_gen/glnxa64/install/share/gazebo_msgs/hook/ld_library_path_lib.dsv'
[17.911s] INFO:colcon.colcon_core.shell:Creating environment hook '/home/matteociviero/git_tesi_magistrale/tesi_magistrale_2024/custom_msgs/matlab_msg_gen/glnxa64/install/share/gazebo_msgs/hook/ld_library_path_lib.sh'
[17.912s] Level 1:colcon.colcon_core.environment:checking '/home/matteociviero/git_tesi_magistrale/tesi_magistrale_2024/custom_msgs/matlab_msg_gen/glnxa64/install/bin'
[17.912s] Level 1:colcon.colcon_core.environment:checking '/home/matteociviero/git_tesi_magistrale/tesi_magistrale_2024/custom_msgs/matlab_msg_gen/glnxa64/install/lib/pkgconfig/gazebo_msgs.pc'
[17.913s] Level 1:colcon.colcon_core.environment:checking '/home/matteociviero/git_tesi_magistrale/tesi_magistrale_2024/custom_msgs/matlab_msg_gen/glnxa64/install/lib/python3.10/site-packages'
[17.913s] Level 1:colcon.colcon_core.environment:checking '/home/matteociviero/git_tesi_magistrale/tesi_magistrale_2024/custom_msgs/matlab_msg_gen/glnxa64/install/bin'
[17.920s] INFO:colcon.colcon_core.shell:Creating package script '/home/matteociviero/git_tesi_magistrale/tesi_magistrale_2024/custom_msgs/matlab_msg_gen/glnxa64/install/share/gazebo_msgs/package.ps1'
[17.921s] INFO:colcon.colcon_core.shell:Creating package descriptor '/home/matteociviero/git_tesi_magistrale/tesi_magistrale_2024/custom_msgs/matlab_msg_gen/glnxa64/install/share/gazebo_msgs/package.dsv'
[17.921s] INFO:colcon.colcon_core.shell:Creating package script '/home/matteociviero/git_tesi_magistrale/tesi_magistrale_2024/custom_msgs/matlab_msg_gen/glnxa64/install/share/gazebo_msgs/package.sh'
[17.922s] INFO:colcon.colcon_core.shell:Creating package script '/home/matteociviero/git_tesi_magistrale/tesi_magistrale_2024/custom_msgs/matlab_msg_gen/glnxa64/install/share/gazebo_msgs/package.bash'
[17.923s] INFO:colcon.colcon_core.shell:Creating package script '/home/matteociviero/git_tesi_magistrale/tesi_magistrale_2024/custom_msgs/matlab_msg_gen/glnxa64/install/share/gazebo_msgs/package.zsh'
[17.923s] Level 1:colcon.colcon_core.environment:create_file_with_runtime_dependencies(/home/matteociviero/git_tesi_magistrale/tesi_magistrale_2024/custom_msgs/matlab_msg_gen/glnxa64/install/share/colcon-core/packages/gazebo_msgs)
[17.948s] Level 1:colcon.colcon_core.environment:create_environment_scripts_only(gazebo_msgs)
[17.955s] Level 1:colcon.colcon_core.environment:checking '/home/matteociviero/git_tesi_magistrale/tesi_magistrale_2024/custom_msgs/matlab_msg_gen/glnxa64/install' for CMake module files
[17.956s] Level 1:colcon.colcon_core.environment:checking '/home/matteociviero/git_tesi_magistrale/tesi_magistrale_2024/custom_msgs/matlab_msg_gen/glnxa64/install' for CMake config files
[17.956s] Level 1:colcon.colcon_core.shell:create_environment_hook('gazebo_msgs', 'cmake_prefix_path')
[17.963s] INFO:colcon.colcon_core.shell:Creating environment hook '/home/matteociviero/git_tesi_magistrale/tesi_magistrale_2024/custom_msgs/matlab_msg_gen/glnxa64/install/share/gazebo_msgs/hook/cmake_prefix_path.ps1'
[17.963s] INFO:colcon.colcon_core.shell:Creating environment descriptor '/home/matteociviero/git_tesi_magistrale/tesi_magistrale_2024/custom_msgs/matlab_msg_gen/glnxa64/install/share/gazebo_msgs/hook/cmake_prefix_path.dsv'
[17.963s] INFO:colcon.colcon_core.shell:Creating environment hook '/home/matteociviero/git_tesi_magistrale/tesi_magistrale_2024/custom_msgs/matlab_msg_gen/glnxa64/install/share/gazebo_msgs/hook/cmake_prefix_path.sh'
[17.964s] Level 1:colcon.colcon_core.environment:checking '/home/matteociviero/git_tesi_magistrale/tesi_magistrale_2024/custom_msgs/matlab_msg_gen/glnxa64/install/lib'
[17.964s] Level 1:colcon.colcon_core.shell:create_environment_hook('gazebo_msgs', 'ld_library_path_lib')
[17.971s] INFO:colcon.colcon_core.shell:Creating environment hook '/home/matteociviero/git_tesi_magistrale/tesi_magistrale_2024/custom_msgs/matlab_msg_gen/glnxa64/install/share/gazebo_msgs/hook/ld_library_path_lib.ps1'
[17.971s] INFO:colcon.colcon_core.shell:Creating environment descriptor '/home/matteociviero/git_tesi_magistrale/tesi_magistrale_2024/custom_msgs/matlab_msg_gen/glnxa64/install/share/gazebo_msgs/hook/ld_library_path_lib.dsv'
[17.971s] INFO:colcon.colcon_core.shell:Creating environment hook '/home/matteociviero/git_tesi_magistrale/tesi_magistrale_2024/custom_msgs/matlab_msg_gen/glnxa64/install/share/gazebo_msgs/hook/ld_library_path_lib.sh'
[17.972s] Level 1:colcon.colcon_core.environment:checking '/home/matteociviero/git_tesi_magistrale/tesi_magistrale_2024/custom_msgs/matlab_msg_gen/glnxa64/install/bin'
[17.972s] Level 1:colcon.colcon_core.environment:checking '/home/matteociviero/git_tesi_magistrale/tesi_magistrale_2024/custom_msgs/matlab_msg_gen/glnxa64/install/lib/pkgconfig/gazebo_msgs.pc'
[17.972s] Level 1:colcon.colcon_core.environment:checking '/home/matteociviero/git_tesi_magistrale/tesi_magistrale_2024/custom_msgs/matlab_msg_gen/glnxa64/install/lib/python3.10/site-packages'
[17.972s] Level 1:colcon.colcon_core.environment:checking '/home/matteociviero/git_tesi_magistrale/tesi_magistrale_2024/custom_msgs/matlab_msg_gen/glnxa64/install/bin'
[17.979s] INFO:colcon.colcon_core.shell:Creating package script '/home/matteociviero/git_tesi_magistrale/tesi_magistrale_2024/custom_msgs/matlab_msg_gen/glnxa64/install/share/gazebo_msgs/package.ps1'
[17.979s] INFO:colcon.colcon_core.shell:Creating package descriptor '/home/matteociviero/git_tesi_magistrale/tesi_magistrale_2024/custom_msgs/matlab_msg_gen/glnxa64/install/share/gazebo_msgs/package.dsv'
[17.980s] INFO:colcon.colcon_core.shell:Creating package script '/home/matteociviero/git_tesi_magistrale/tesi_magistrale_2024/custom_msgs/matlab_msg_gen/glnxa64/install/share/gazebo_msgs/package.sh'
[17.980s] INFO:colcon.colcon_core.shell:Creating package script '/home/matteociviero/git_tesi_magistrale/tesi_magistrale_2024/custom_msgs/matlab_msg_gen/glnxa64/install/share/gazebo_msgs/package.bash'
[17.980s] INFO:colcon.colcon_core.shell:Creating package script '/home/matteociviero/git_tesi_magistrale/tesi_magistrale_2024/custom_msgs/matlab_msg_gen/glnxa64/install/share/gazebo_msgs/package.zsh'
[17.981s] Level 1:colcon.colcon_core.environment:create_file_with_runtime_dependencies(/home/matteociviero/git_tesi_magistrale/tesi_magistrale_2024/custom_msgs/matlab_msg_gen/glnxa64/install/share/colcon-core/packages/gazebo_msgs)
[17.981s] DEBUG:colcon.colcon_parallel_executor.executor.parallel:closing loop
[17.981s] DEBUG:colcon.colcon_parallel_executor.executor.parallel:loop closed
[17.981s] DEBUG:colcon.colcon_parallel_executor.executor.parallel:run_until_complete finished with '0'
[17.982s] DEBUG:colcon.colcon_core.event_reactor:joining thread
[17.990s] INFO:colcon.colcon_core.plugin_system:Skipping extension 'colcon_notification.desktop_notification.notify2': 'notify2' not found
[17.991s] INFO:colcon.colcon_core.plugin_system:Skipping extension 'colcon_notification.desktop_notification.terminal_notifier': Not used on non-Darwin systems
[17.991s] INFO:colcon.colcon_core.plugin_system:Skipping extension 'colcon_notification.desktop_notification.win32': Not used on non-Windows systems
[17.991s] INFO:colcon.colcon_notification.desktop_notification:Sending desktop notification using 'notify_send'
[18.013s] DEBUG:colcon.colcon_core.event_reactor:joined thread
[18.021s] INFO:colcon.colcon_core.shell:Creating prefix script '/home/matteociviero/git_tesi_magistrale/tesi_magistrale_2024/custom_msgs/matlab_msg_gen/glnxa64/install/local_setup.ps1'
[18.022s] INFO:colcon.colcon_core.shell:Creating prefix util module '/home/matteociviero/git_tesi_magistrale/tesi_magistrale_2024/custom_msgs/matlab_msg_gen/glnxa64/install/_local_setup_util_ps1.py'
[18.024s] INFO:colcon.colcon_core.shell:Creating prefix chain script '/home/matteociviero/git_tesi_magistrale/tesi_magistrale_2024/custom_msgs/matlab_msg_gen/glnxa64/install/setup.ps1'
[18.029s] INFO:colcon.colcon_core.shell:Creating prefix script '/home/matteociviero/git_tesi_magistrale/tesi_magistrale_2024/custom_msgs/matlab_msg_gen/glnxa64/install/local_setup.sh'
[18.030s] INFO:colcon.colcon_core.shell:Creating prefix util module '/home/matteociviero/git_tesi_magistrale/tesi_magistrale_2024/custom_msgs/matlab_msg_gen/glnxa64/install/_local_setup_util_sh.py'
[18.030s] INFO:colcon.colcon_core.shell:Creating prefix chain script '/home/matteociviero/git_tesi_magistrale/tesi_magistrale_2024/custom_msgs/matlab_msg_gen/glnxa64/install/setup.sh'
[18.037s] INFO:colcon.colcon_core.shell:Creating prefix script '/home/matteociviero/git_tesi_magistrale/tesi_magistrale_2024/custom_msgs/matlab_msg_gen/glnxa64/install/local_setup.bash'
[18.038s] INFO:colcon.colcon_core.shell:Creating prefix chain script '/home/matteociviero/git_tesi_magistrale/tesi_magistrale_2024/custom_msgs/matlab_msg_gen/glnxa64/install/setup.bash'
[18.044s] INFO:colcon.colcon_core.shell:Creating prefix script '/home/matteociviero/git_tesi_magistrale/tesi_magistrale_2024/custom_msgs/matlab_msg_gen/glnxa64/install/local_setup.zsh'
[18.044s] INFO:colcon.colcon_core.shell:Creating prefix chain script '/home/matteociviero/git_tesi_magistrale/tesi_magistrale_2024/custom_msgs/matlab_msg_gen/glnxa64/install/setup.zsh'
